<?xml version='1.0' encoding='UTF-8'?>
<testsuite hostname="Hakams-MacBook-Air.local" name="gcd.GCDSpec" tests="1" errors="0" failures="0" skipped="0" time="3.226" timestamp="2024-11-28T15:12:54">
          <properties>
      <property name="java.specification.version" value="17"/><property name="sun.jnu.encoding" value="UTF-8"/><property name="sun.arch.data.model" value="64"/><property name="java.vendor.url" value="https://adoptium.net/"/><property name="sun.boot.library.path" value="/Users/hakamatassi/.sdkman/candidates/java/17.0.1-tem/lib"/><property name="sun.java.command" value="/Users/hakamatassi/Library/Caches/Coursier/arc/https/github.com/sbt/sbt/releases/download/v1.10.1/sbt-1.10.1.zip/sbt/bin/sbt-launch.jar test"/><property name="jdk.debug" value="release"/><property name="sun.stderr.encoding" value="UTF-8"/><property name="java.specification.vendor" value="Oracle Corporation"/><property name="java.version.date" value="2021-10-19"/><property name="java.home" value="/Users/hakamatassi/.sdkman/candidates/java/17.0.1-tem"/><property name="file.separator" value="/"/><property name="java.vm.compressedOopsMode" value="Zero based"/><property name="line.separator" value="
"/><property name="sun.stdout.encoding" value="UTF-8"/><property name="java.vm.specification.vendor" value="Oracle Corporation"/><property name="java.specification.name" value="Java Platform API Specification"/><property name="sun.management.compiler" value="HotSpot 64-Bit Tiered Compilers"/><property name="java.runtime.version" value="17.0.1+12"/><property name="user.name" value="hakamatassi"/><property name="log4j.ignoreTCL" value="true"/><property name="file.encoding" value="UTF-8"/><property name="java.vendor.version" value="Temurin-17.0.1+12"/><property name="java.io.tmpdir" value="/var/folders/dh/wdg1cwbx6076bhdr3hdfhxvh0000gn/T/"/><property name="java.version" value="17.0.1"/><property name="java.vm.specification.name" value="Java Virtual Machine Specification"/><property name="native.encoding" value="UTF-8"/><property name="java.library.path" value="/Users/hakamatassi/Library/Java/Extensions:/Library/Java/Extensions:/Network/Library/Java/Extensions:/System/Library/Java/Extensions:/usr/lib/java:."/><property name="java.vendor" value="Eclipse Adoptium"/><property name="scala.ext.dirs" value="/Users/hakamatassi/.sbt/1.0/java9-rt-ext-eclipse_adoptium_17_0_1"/><property name="sun.io.unicode.encoding" value="UnicodeBig"/><property name="socksNonProxyHosts" value="local|*.local|169.254/16|*.169.254/16"/><property name="java.class.path" value="/Users/hakamatassi/Library/Caches/Coursier/arc/https/github.com/sbt/sbt/releases/download/v1.10.1/sbt-1.10.1.zip/sbt/bin/sbt-launch.jar"/><property name="java.vm.vendor" value="Eclipse Adoptium"/><property name="jline.shutdownhook" value="false"/><property name="user.timezone" value="America/Toronto"/><property name="java.vm.specification.version" value="17"/><property name="os.name" value="Mac OS X"/><property name="sun.java.launcher" value="SUN_STANDARD"/><property name="user.country" value="CA"/><property name="http.nonProxyHosts" value="local|*.local|169.254/16|*.169.254/16"/><property name="sun.cpu.endian" value="little"/><property name="user.home" value="/Users/hakamatassi"/><property name="user.language" value="en"/><property name="sbt.script" value="/Users/hakamatassi/Library/Caches/Coursier/arc/https/github.com/sbt/sbt/releases/download/v1.10.1/sbt-1.10.1.zip/sbt/bin/sbt"/><property name="sbt.ipcsocket.tmpdir" value="/var/folders/dh/wdg1cwbx6076bhdr3hdfhxvh0000gn/T/.sbtdead063c/ipcsocket"/><property name="swoval.tmpdir" value="/var/folders/dh/wdg1cwbx6076bhdr3hdfhxvh0000gn/T/.sbtdead063c/swoval"/><property name="jline.esc.timeout" value="0"/><property name="ftp.nonProxyHosts" value="local|*.local|169.254/16|*.169.254/16"/><property name="path.separator" value=":"/><property name="os.version" value="14.5"/><property name="jna.nosys" value="true"/><property name="java.runtime.name" value="OpenJDK Runtime Environment"/><property name="java.vm.name" value="OpenJDK 64-Bit Server VM"/><property name="java.vendor.url.bug" value="https://github.com/adoptium/adoptium-support/issues"/><property name="user.dir" value="/Users/hakamatassi/Repos/rocket-template"/><property name="os.arch" value="aarch64"/><property name="java.vm.info" value="mixed mode"/><property name="java.vm.version" value="17.0.1+12"/><property name="java.class.version" value="61.0"/>
    </properties>
          <testcase classname="gcd.GCDSpec" name="Gcd should calculate proper greatest common denominator" time="3.226">
                      
                    </testcase>
          <system-out><![CDATA[]]></system-out>
          <system-err><![CDATA[]]></system-err>
        </testsuite>