<?xml version='1.0' encoding='UTF-8'?>
<testsuite hostname="Hakams-MacBook-Air.local" name="gcd.TileLinkSpec" tests="1" errors="0" failures="1" skipped="0" time="3.281" timestamp="2024-11-28T15:12:54">
          <properties>
      <property name="java.specification.version" value="17"/><property name="sun.jnu.encoding" value="UTF-8"/><property name="sun.arch.data.model" value="64"/><property name="java.vendor.url" value="https://adoptium.net/"/><property name="sun.boot.library.path" value="/Users/hakamatassi/.sdkman/candidates/java/17.0.1-tem/lib"/><property name="sun.java.command" value="/Users/hakamatassi/Library/Caches/Coursier/arc/https/github.com/sbt/sbt/releases/download/v1.10.1/sbt-1.10.1.zip/sbt/bin/sbt-launch.jar test"/><property name="jdk.debug" value="release"/><property name="sun.stderr.encoding" value="UTF-8"/><property name="java.specification.vendor" value="Oracle Corporation"/><property name="java.version.date" value="2021-10-19"/><property name="java.home" value="/Users/hakamatassi/.sdkman/candidates/java/17.0.1-tem"/><property name="file.separator" value="/"/><property name="java.vm.compressedOopsMode" value="Zero based"/><property name="line.separator" value="
"/><property name="sun.stdout.encoding" value="UTF-8"/><property name="java.vm.specification.vendor" value="Oracle Corporation"/><property name="java.specification.name" value="Java Platform API Specification"/><property name="sun.management.compiler" value="HotSpot 64-Bit Tiered Compilers"/><property name="java.runtime.version" value="17.0.1+12"/><property name="user.name" value="hakamatassi"/><property name="log4j.ignoreTCL" value="true"/><property name="file.encoding" value="UTF-8"/><property name="java.vendor.version" value="Temurin-17.0.1+12"/><property name="java.io.tmpdir" value="/var/folders/dh/wdg1cwbx6076bhdr3hdfhxvh0000gn/T/"/><property name="java.version" value="17.0.1"/><property name="java.vm.specification.name" value="Java Virtual Machine Specification"/><property name="native.encoding" value="UTF-8"/><property name="java.library.path" value="/Users/hakamatassi/Library/Java/Extensions:/Library/Java/Extensions:/Network/Library/Java/Extensions:/System/Library/Java/Extensions:/usr/lib/java:."/><property name="java.vendor" value="Eclipse Adoptium"/><property name="scala.ext.dirs" value="/Users/hakamatassi/.sbt/1.0/java9-rt-ext-eclipse_adoptium_17_0_1"/><property name="sun.io.unicode.encoding" value="UnicodeBig"/><property name="socksNonProxyHosts" value="local|*.local|169.254/16|*.169.254/16"/><property name="java.class.path" value="/Users/hakamatassi/Library/Caches/Coursier/arc/https/github.com/sbt/sbt/releases/download/v1.10.1/sbt-1.10.1.zip/sbt/bin/sbt-launch.jar"/><property name="java.vm.vendor" value="Eclipse Adoptium"/><property name="jline.shutdownhook" value="false"/><property name="user.timezone" value="America/Toronto"/><property name="java.vm.specification.version" value="17"/><property name="os.name" value="Mac OS X"/><property name="sun.java.launcher" value="SUN_STANDARD"/><property name="user.country" value="CA"/><property name="http.nonProxyHosts" value="local|*.local|169.254/16|*.169.254/16"/><property name="sun.cpu.endian" value="little"/><property name="user.home" value="/Users/hakamatassi"/><property name="user.language" value="en"/><property name="sbt.script" value="/Users/hakamatassi/Library/Caches/Coursier/arc/https/github.com/sbt/sbt/releases/download/v1.10.1/sbt-1.10.1.zip/sbt/bin/sbt"/><property name="sbt.ipcsocket.tmpdir" value="/var/folders/dh/wdg1cwbx6076bhdr3hdfhxvh0000gn/T/.sbtdead063c/ipcsocket"/><property name="swoval.tmpdir" value="/var/folders/dh/wdg1cwbx6076bhdr3hdfhxvh0000gn/T/.sbtdead063c/swoval"/><property name="jline.esc.timeout" value="0"/><property name="ftp.nonProxyHosts" value="local|*.local|169.254/16|*.169.254/16"/><property name="path.separator" value=":"/><property name="os.version" value="14.5"/><property name="jna.nosys" value="true"/><property name="java.runtime.name" value="OpenJDK Runtime Environment"/><property name="java.vm.name" value="OpenJDK 64-Bit Server VM"/><property name="java.vendor.url.bug" value="https://github.com/adoptium/adoptium-support/issues"/><property name="user.dir" value="/Users/hakamatassi/Repos/rocket-template"/><property name="os.arch" value="aarch64"/><property name="java.vm.info" value="mixed mode"/><property name="java.vm.version" value="17.0.1+12"/><property name="java.class.version" value="61.0"/>
    </properties>
          <testcase classname="gcd.TileLinkSpec" name="allow the client to write sequential data and the manager to receive it" time="3.281">
                      <failure type="svsim.Simulation$UnexpectedEndOfMessages$">svsim.Simulation$UnexpectedEndOfMessages$
	at svsim.Simulation$UnexpectedEndOfMessages$.&lt;clinit&gt;(Simulation.scala:340)
	at svsim.Simulation$Controller.readNextAvailableMessage(Simulation.scala:132)
	at svsim.Simulation$Controller.processNextMessage(Simulation.scala:206)
	at svsim.Simulation$Port.tick(Simulation.scala:398)
	at chisel3.simulator.PeekPokeAPI$testableClock.step(PeekPokeAPI.scala:41)
	at gcd.TileLinkSpec.$anonfun$new$3(TLgcdTest.scala:70)
	at gcd.TileLinkSpec.$anonfun$new$3$adapted(TLgcdTest.scala:59)
	at chisel3.simulator.EphemeralSimulator$.$anonfun$simulate$1(EphemeralSimulator.scala:25)
	at chisel3.simulator.EphemeralSimulator$.$anonfun$simulate$1$adapted(EphemeralSimulator.scala:25)
	at chisel3.simulator.Simulator.$anonfun$_simulate$1(Simulator.scala:111)
	at chisel3.simulator.package$ChiselSimulation.$anonfun$runElaboratedModule$2(package.scala:98)
	at scala.util.DynamicVariable.withValue(DynamicVariable.scala:59)
	at chisel3.simulator.package$AnySimulatedModule$.withValue(package.scala:82)
	at chisel3.simulator.package$ChiselSimulation.$anonfun$runElaboratedModule$1(package.scala:98)
	at svsim.Simulation.$anonfun$run$3(Simulation.scala:51)
	at scala.util.Try$.apply(Try.scala:210)
	at svsim.Simulation.run(Simulation.scala:50)
	at chisel3.simulator.package$ChiselSimulation.runElaboratedModule(package.scala:95)
	at chisel3.simulator.Simulator$WorkspaceCompiler.$anonfun$process$1(Simulator.scala:64)
	at scala.util.Try$.apply(Try.scala:210)
	at chisel3.simulator.Simulator$WorkspaceCompiler.liftedTree1$1(Simulator.scala:64)
	at chisel3.simulator.Simulator$WorkspaceCompiler.process(Simulator.scala:53)
	at chisel3.simulator.SingleBackendSimulator.processBackends(Simulator.scala:139)
	at chisel3.simulator.SingleBackendSimulator.processBackends$(Simulator.scala:138)
	at chisel3.simulator.EphemeralSimulator$DefaultSimulator.processBackends(EphemeralSimulator.scala:28)
	at chisel3.simulator.Simulator._simulate(Simulator.scala:116)
	at chisel3.simulator.Simulator._simulate$(Simulator.scala:97)
	at chisel3.simulator.EphemeralSimulator$DefaultSimulator._simulate(EphemeralSimulator.scala:28)
	at chisel3.simulator.SingleBackendSimulator.simulate(Simulator.scala:146)
	at chisel3.simulator.SingleBackendSimulator.simulate$(Simulator.scala:142)
	at chisel3.simulator.EphemeralSimulator$DefaultSimulator.simulate(EphemeralSimulator.scala:28)
	at chisel3.simulator.EphemeralSimulator$.simulate(EphemeralSimulator.scala:25)
	at gcd.TileLinkSpec.$anonfun$new$1(TLgcdTest.scala:59)
	at scala.runtime.java8.JFunction0$mcV$sp.apply(JFunction0$mcV$sp.scala:18)
	at org.scalatest.OutcomeOf.outcomeOf(OutcomeOf.scala:85)
	at org.scalatest.OutcomeOf.outcomeOf$(OutcomeOf.scala:83)
	at org.scalatest.OutcomeOf$.outcomeOf(OutcomeOf.scala:104)
	at org.scalatest.Transformer.apply(Transformer.scala:22)
	at org.scalatest.Transformer.apply(Transformer.scala:20)
	at org.scalatest.freespec.AnyFreeSpecLike$$anon$1.apply(AnyFreeSpecLike.scala:437)
	at org.scalatest.TestSuite.withFixture(TestSuite.scala:196)
	at org.scalatest.TestSuite.withFixture$(TestSuite.scala:195)
	at org.scalatest.freespec.AnyFreeSpec.withFixture(AnyFreeSpec.scala:1740)
	at org.scalatest.freespec.AnyFreeSpecLike.invokeWithFixture$1(AnyFreeSpecLike.scala:435)
	at org.scalatest.freespec.AnyFreeSpecLike.$anonfun$runTest$1(AnyFreeSpecLike.scala:447)
	at org.scalatest.SuperEngine.runTestImpl(Engine.scala:306)
	at org.scalatest.freespec.AnyFreeSpecLike.runTest(AnyFreeSpecLike.scala:447)
	at org.scalatest.freespec.AnyFreeSpecLike.runTest$(AnyFreeSpecLike.scala:429)
	at org.scalatest.freespec.AnyFreeSpec.runTest(AnyFreeSpec.scala:1740)
	at org.scalatest.freespec.AnyFreeSpecLike.$anonfun$runTests$1(AnyFreeSpecLike.scala:506)
	at org.scalatest.SuperEngine.$anonfun$runTestsInBranch$1(Engine.scala:413)
	at scala.collection.immutable.List.foreach(List.scala:333)
	at org.scalatest.SuperEngine.traverseSubNodes$1(Engine.scala:401)
	at org.scalatest.SuperEngine.runTestsInBranch(Engine.scala:396)
	at org.scalatest.SuperEngine.runTestsImpl(Engine.scala:475)
	at org.scalatest.freespec.AnyFreeSpecLike.runTests(AnyFreeSpecLike.scala:506)
	at org.scalatest.freespec.AnyFreeSpecLike.runTests$(AnyFreeSpecLike.scala:505)
	at org.scalatest.freespec.AnyFreeSpec.runTests(AnyFreeSpec.scala:1740)
	at org.scalatest.Suite.run(Suite.scala:1114)
	at org.scalatest.Suite.run$(Suite.scala:1096)
	at org.scalatest.freespec.AnyFreeSpec.org$scalatest$freespec$AnyFreeSpecLike$$super$run(AnyFreeSpec.scala:1740)
	at org.scalatest.freespec.AnyFreeSpecLike.$anonfun$run$1(AnyFreeSpecLike.scala:550)
	at org.scalatest.SuperEngine.runImpl(Engine.scala:535)
	at org.scalatest.freespec.AnyFreeSpecLike.run(AnyFreeSpecLike.scala:550)
	at org.scalatest.freespec.AnyFreeSpecLike.run$(AnyFreeSpecLike.scala:549)
	at org.scalatest.freespec.AnyFreeSpec.run(AnyFreeSpec.scala:1740)
	at org.scalatest.tools.Framework.org$scalatest$tools$Framework$$runSuite(Framework.scala:321)
	at org.scalatest.tools.Framework$ScalaTestTask.execute(Framework.scala:517)
	at sbt.TestRunner.runTest$1(TestFramework.scala:153)
	at sbt.TestRunner.run(TestFramework.scala:168)
	at sbt.TestFramework$$anon$3$$anonfun$$lessinit$greater$1.$anonfun$apply$1(TestFramework.scala:336)
	at sbt.TestFramework$.sbt$TestFramework$$withContextLoader(TestFramework.scala:296)
	at sbt.TestFramework$$anon$3$$anonfun$$lessinit$greater$1.apply(TestFramework.scala:336)
	at sbt.TestFramework$$anon$3$$anonfun$$lessinit$greater$1.apply(TestFramework.scala:336)
	at sbt.TestFunction.apply(TestFramework.scala:348)
	at sbt.Tests$.$anonfun$toTask$1(Tests.scala:436)
	at sbt.std.Transform$$anon$3.$anonfun$apply$2(Transform.scala:47)
	at sbt.std.Transform$$anon$4.work(Transform.scala:69)
	at sbt.Execute.$anonfun$submit$2(Execute.scala:283)
	at sbt.internal.util.ErrorHandling$.wideConvert(ErrorHandling.scala:24)
	at sbt.Execute.work(Execute.scala:292)
	at sbt.Execute.$anonfun$submit$1(Execute.scala:283)
	at sbt.ConcurrentRestrictions$$anon$4.$anonfun$submitValid$1(ConcurrentRestrictions.scala:265)
	at sbt.CompletionService$$anon$2.call(CompletionService.scala:65)
	at java.base/java.util.concurrent.FutureTask.run(FutureTask.java:264)
	at java.base/java.util.concurrent.Executors$RunnableAdapter.call(Executors.java:539)
	at java.base/java.util.concurrent.FutureTask.run(FutureTask.java:264)
	at java.base/java.util.concurrent.ThreadPoolExecutor.runWorker(ThreadPoolExecutor.java:1136)
	at java.base/java.util.concurrent.ThreadPoolExecutor$Worker.run(ThreadPoolExecutor.java:635)
	at java.base/java.lang.Thread.run(Thread.java:833)
</failure>
                    </testcase>
          <system-out><![CDATA[]]></system-out>
          <system-err><![CDATA[]]></system-err>
        </testsuite>